<?xml version="1.0" encoding="UTF-8"?>
<testng-results ignored="0" total="1" passed="1" failed="0" skipped="0">
  <reporter-output>
  </reporter-output>
  <suite started-at="2023-10-01T08:33:13 ICT" name="Default suite" finished-at="2023-10-01T08:33:43 ICT" duration-ms="29978">
    <groups>
    </groups>
    <test started-at="2023-10-01T08:33:13 ICT" name="Default test" finished-at="2023-10-01T08:33:43 ICT" duration-ms="29978">
      <class name="tests.RadioButtonTest">
        <test-method is-config="true" signature="openWebsite()[pri:0, instance:tests.RadioButtonTest@53045c6c]" started-at="2023-10-01T08:33:13 ICT" name="openWebsite" finished-at="2023-10-01T08:33:26 ICT" duration-ms="13524" status="PASS">
          <reporter-output>
          </reporter-output>
        </test-method> <!-- openWebsite -->
        <test-method signature="doTC03()[pri:0, instance:tests.RadioButtonTest@53045c6c]" started-at="2023-10-01T08:33:26 ICT" name="doTC03" finished-at="2023-10-01T08:33:43 ICT" duration-ms="16301" status="PASS">
          <reporter-output>
          </reporter-output>
        </test-method> <!-- doTC03 -->
      </class> <!-- tests.RadioButtonTest -->
    </test> <!-- Default test -->
  </suite> <!-- Default suite -->
</testng-results>
